# JRE version: OpenJDK Runtime Environment (13.0+33) (build 13+33)
# Java VM: OpenJDK 64-Bit Server VM (13+33, mixed mode, sharing, tiered, compressed oops, g1 gc, windows-amd64)
Heap:
 garbage-first heap   total 626688K, used 181248K [0x0000000700000000, 0x0000000800000000)
  region size 1024K, 5 young (5120K), 5 survivors (5120K)
 Metaspace       used 1468K, capacity 4821K, committed 5120K, reserved 1056768K
  class space    used 147K, capacity 459K, committed 512K, reserved 1048576K
GC Heap History (17 events):
Event: 0.407 GC heap before
{Heap before GC invocations=0 (full 0):
 garbage-first heap   total 131072K, used 22528K [0x0000000700000000, 0x0000000800000000)
  region size 1024K, 14 young (14336K), 0 survivors (0K)
 Metaspace       used 1278K, capacity 4799K, committed 4864K, reserved 1056768K
  class space    used 125K, capacity 451K, committed 512K, reserved 1048576K
}
Event: 0.486 GC heap after
{Heap after GC invocations=1 (full 0):
 garbage-first heap   total 131072K, used 20717K [0x0000000700000000, 0x0000000800000000)
  region size 1024K, 2 young (2048K), 2 survivors (2048K)
 Metaspace       used 1278K, capacity 4799K, committed 4864K, reserved 1056768K
  class space    used 125K, capacity 451K, committed 512K, reserved 1048576K
}
Event: 0.499 GC heap before
{Heap before GC invocations=1 (full 0):
 garbage-first heap   total 131072K, used 27885K [0x0000000700000000, 0x0000000800000000)
  region size 1024K, 9 young (9216K), 2 survivors (2048K)
 Metaspace       used 1278K, capacity 4799K, committed 4864K, reserved 1056768K
  class space    used 125K, capacity 451K, committed 512K, reserved 1048576K
}
Event: 0.515 GC heap after
{Heap after GC invocations=2 (full 0):
 garbage-first heap   total 131072K, used 28672K [0x0000000700000000, 0x0000000800000000)
  region size 1024K, 2 young (2048K), 2 survivors (2048K)
 Metaspace       used 1278K, capacity 4799K, committed 4864K, reserved 1056768K
  class space    used 125K, capacity 451K, committed 512K, reserved 1048576K
}
Event: 0.522 GC heap before
{Heap before GC invocations=2 (full 0):
 garbage-first heap   total 131072K, used 32768K [0x0000000700000000, 0x0000000800000000)
  region size 1024K, 6 young (6144K), 2 survivors (2048K)
 Metaspace       used 1278K, capacity 4799K, committed 4864K, reserved 1056768K
  class space    used 125K, capacity 451K, committed 512K, reserved 1048576K
}
Event: 0.528 GC heap after
{Heap after GC invocations=3 (full 0):
 garbage-first heap   total 131072K, used 33280K [0x0000000700000000, 0x0000000800000000)
  region size 1024K, 1 young (1024K), 1 survivors (1024K)
 Metaspace       used 1278K, capacity 4799K, committed 4864K, reserved 1056768K
  class space    used 125K, capacity 451K, committed 512K, reserved 1048576K
}
Event: 0.548 GC heap before
{Heap before GC invocations=3 (full 0):
 garbage-first heap   total 131072K, used 38400K [0x0000000700000000, 0x0000000800000000)
  region size 1024K, 6 young (6144K), 1 survivors (1024K)
 Metaspace       used 1278K, capacity 4799K, committed 4864K, reserved 1056768K
  class space    used 125K, capacity 451K, committed 512K, reserved 1048576K
}
Event: 0.555 GC heap after
{Heap after GC invocations=4 (full 0):
 garbage-first heap   total 131072K, used 38912K [0x0000000700000000, 0x0000000800000000)
  region size 1024K, 1 young (1024K), 1 survivors (1024K)
 Metaspace       used 1278K, capacity 4799K, committed 4864K, reserved 1056768K
  class space    used 125K, capacity 451K, committed 512K, reserved 1048576K
}
Event: 0.564 GC heap before
{Heap before GC invocations=4 (full 0):
 garbage-first heap   total 131072K, used 44032K [0x0000000700000000, 0x0000000800000000)
  region size 1024K, 6 young (6144K), 1 survivors (1024K)
 Metaspace       used 1278K, capacity 4799K, committed 4864K, reserved 1056768K
  class space    used 125K, capacity 451K, committed 512K, reserved 1048576K
}
Event: 0.573 GC heap after
{Heap after GC invocations=5 (full 0):
 garbage-first heap   total 269312K, used 44733K [0x0000000700000000, 0x0000000800000000)
  region size 1024K, 1 young (1024K), 1 survivors (1024K)
 Metaspace       used 1278K, capacity 4799K, committed 4864K, reserved 1056768K
  class space    used 125K, capacity 451K, committed 512K, reserved 1048576K
}
Event: 0.626 GC heap before
{Heap before GC invocations=5 (full 0):
 garbage-first heap   total 269312K, used 57021K [0x0000000700000000, 0x0000000800000000)
  region size 1024K, 13 young (13312K), 1 survivors (1024K)
 Metaspace       used 1278K, capacity 4799K, committed 4864K, reserved 1056768K
  class space    used 125K, capacity 451K, committed 512K, reserved 1048576K
}
Event: 0.644 GC heap after
{Heap after GC invocations=6 (full 0):
 garbage-first heap   total 269312K, used 57600K [0x0000000700000000, 0x0000000800000000)
  region size 1024K, 2 young (2048K), 2 survivors (2048K)
 Metaspace       used 1278K, capacity 4799K, committed 4864K, reserved 1056768K
  class space    used 125K, capacity 451K, committed 512K, reserved 1048576K
}
Event: 0.739 GC heap before
{Heap before GC invocations=6 (full 0):
 garbage-first heap   total 269312K, used 84224K [0x0000000700000000, 0x0000000800000000)
  region size 1024K, 28 young (28672K), 2 survivors (2048K)
 Metaspace       used 1278K, capacity 4799K, committed 4864K, reserved 1056768K
  class space    used 125K, capacity 451K, committed 512K, reserved 1048576K
}
Event: 0.758 GC heap after
{Heap after GC invocations=7 (full 0):
 garbage-first heap   total 269312K, used 84938K [0x0000000700000000, 0x0000000800000000)
  region size 1024K, 4 young (4096K), 4 survivors (4096K)
 Metaspace       used 1278K, capacity 4799K, committed 4864K, reserved 1056768K
  class space    used 125K, capacity 451K, committed 512K, reserved 1048576K
}
Event: 1.043 GC heap before
{Heap before GC invocations=7 (full 0):
 garbage-first heap   total 269312K, used 154570K [0x0000000700000000, 0x0000000800000000)
  region size 1024K, 43 young (44032K), 4 survivors (4096K)
 Metaspace       used 1468K, capacity 4821K, committed 5120K, reserved 1056768K
  class space    used 147K, capacity 459K, committed 512K, reserved 1048576K
}
Event: 1.066 GC heap after
{Heap after GC invocations=8 (full 0):
 garbage-first heap   total 269312K, used 152576K [0x0000000700000000, 0x0000000800000000)
  region size 1024K, 6 young (6144K), 6 survivors (6144K)
 Metaspace       used 1468K, capacity 4821K, committed 5120K, reserved 1056768K
  class space    used 147K, capacity 459K, committed 512K, reserved 1048576K
}
Event: 1.124 GC heap before
{Heap before GC invocations=8 (full 0):
 garbage-first heap   total 269312K, used 180224K [0x0000000700000000, 0x0000000800000000)
  region size 1024K, 33 young (33792K), 6 survivors (6144K)
 Metaspace       used 1468K, capacity 4821K, committed 5120K, reserved 1056768K
  class space    used 147K, capacity 459K, committed 512K, reserved 1048576K
}

