# JRE version: OpenJDK Runtime Environment (13.0+33) (build 13+33)
# Java VM: OpenJDK 64-Bit Server VM (13+33, mixed mode, sharing, tiered, compressed oops, g1 gc, windows-amd64)
Heap:
 garbage-first heap   total 1250304K, used 277504K [0x0000000700000000, 0x0000000800000000)
  region size 1024K, 6 young (6144K), 6 survivors (6144K)
 Metaspace       used 1790K, capacity 4843K, committed 5120K, reserved 1056768K
  class space    used 174K, capacity 465K, committed 512K, reserved 1048576K
GC Heap History (20 events):
Event: 0.666 GC heap after
{Heap after GC invocations=3 (full 0):
 garbage-first heap   total 131072K, used 30720K [0x0000000700000000, 0x0000000800000000)
  region size 1024K, 1 young (1024K), 1 survivors (1024K)
 Metaspace       used 1284K, capacity 4799K, committed 4864K, reserved 1056768K
  class space    used 125K, capacity 451K, committed 512K, reserved 1048576K
}
Event: 0.681 GC heap before
{Heap before GC invocations=3 (full 0):
 garbage-first heap   total 131072K, used 36864K [0x0000000700000000, 0x0000000800000000)
  region size 1024K, 7 young (7168K), 1 survivors (1024K)
 Metaspace       used 1284K, capacity 4799K, committed 4864K, reserved 1056768K
  class space    used 125K, capacity 451K, committed 512K, reserved 1048576K
}
Event: 0.689 GC heap after
{Heap after GC invocations=4 (full 0):
 garbage-first heap   total 131072K, used 37225K [0x0000000700000000, 0x0000000800000000)
  region size 1024K, 1 young (1024K), 1 survivors (1024K)
 Metaspace       used 1284K, capacity 4799K, committed 4864K, reserved 1056768K
  class space    used 125K, capacity 451K, committed 512K, reserved 1048576K
}
Event: 0.739 GC heap before
{Heap before GC invocations=4 (full 0):
 garbage-first heap   total 131072K, used 50537K [0x0000000700000000, 0x0000000800000000)
  region size 1024K, 14 young (14336K), 1 survivors (1024K)
 Metaspace       used 1284K, capacity 4799K, committed 4864K, reserved 1056768K
  class space    used 125K, capacity 451K, committed 512K, reserved 1048576K
}
Event: 0.751 GC heap after
{Heap after GC invocations=5 (full 0):
 garbage-first heap   total 236544K, used 51200K [0x0000000700000000, 0x0000000800000000)
  region size 1024K, 2 young (2048K), 2 survivors (2048K)
 Metaspace       used 1284K, capacity 4799K, committed 4864K, reserved 1056768K
  class space    used 125K, capacity 451K, committed 512K, reserved 1048576K
}
Event: 0.838 GC heap before
{Heap before GC invocations=5 (full 0):
 garbage-first heap   total 236544K, used 78848K [0x0000000700000000, 0x0000000800000000)
  region size 1024K, 29 young (29696K), 2 survivors (2048K)
 Metaspace       used 1284K, capacity 4799K, committed 4864K, reserved 1056768K
  class space    used 125K, capacity 451K, committed 512K, reserved 1048576K
}
Event: 0.861 GC heap after
{Heap after GC invocations=6 (full 0):
 garbage-first heap   total 236544K, used 79360K [0x0000000700000000, 0x0000000800000000)
  region size 1024K, 4 young (4096K), 4 survivors (4096K)
 Metaspace       used 1284K, capacity 4799K, committed 4864K, reserved 1056768K
  class space    used 125K, capacity 451K, committed 512K, reserved 1048576K
}
Event: 1.003 GC heap before
{Heap before GC invocations=6 (full 0):
 garbage-first heap   total 236544K, used 133632K [0x0000000700000000, 0x0000000800000000)
  region size 1024K, 34 young (34816K), 4 survivors (4096K)
 Metaspace       used 1299K, capacity 4799K, committed 4864K, reserved 1056768K
  class space    used 126K, capacity 451K, committed 512K, reserved 1048576K
}
Event: 1.016 GC heap after
{Heap after GC invocations=7 (full 0):
 garbage-first heap   total 236544K, used 115200K [0x0000000700000000, 0x0000000800000000)
  region size 1024K, 5 young (5120K), 5 survivors (5120K)
 Metaspace       used 1299K, capacity 4799K, committed 4864K, reserved 1056768K
  class space    used 126K, capacity 451K, committed 512K, reserved 1048576K
}
Event: 1.029 GC heap before
{Heap before GC invocations=7 (full 0):
 garbage-first heap   total 236544K, used 118272K [0x0000000700000000, 0x0000000800000000)
  region size 1024K, 10 young (10240K), 5 survivors (5120K)
 Metaspace       used 1299K, capacity 4799K, committed 4864K, reserved 1056768K
  class space    used 126K, capacity 451K, committed 512K, reserved 1048576K
}
Event: 1.035 GC heap after
{Heap after GC invocations=8 (full 0):
 garbage-first heap   total 236544K, used 116876K [0x0000000700000000, 0x0000000800000000)
  region size 1024K, 1 young (1024K), 1 survivors (1024K)
 Metaspace       used 1299K, capacity 4799K, committed 4864K, reserved 1056768K
  class space    used 126K, capacity 451K, committed 512K, reserved 1048576K
}
Event: 1.261 GC heap before
{Heap before GC invocations=8 (full 0):
 garbage-first heap   total 236544K, used 155788K [0x0000000700000000, 0x0000000800000000)
  region size 1024K, 31 young (31744K), 1 survivors (1024K)
 Metaspace       used 1567K, capacity 4821K, committed 5120K, reserved 1056768K
  class space    used 148K, capacity 457K, committed 512K, reserved 1048576K
}
Event: 1.270 GC heap after
{Heap after GC invocations=9 (full 0):
 garbage-first heap   total 473088K, used 133473K [0x0000000700000000, 0x0000000800000000)
  region size 1024K, 4 young (4096K), 4 survivors (4096K)
 Metaspace       used 1567K, capacity 4821K, committed 5120K, reserved 1056768K
  class space    used 148K, capacity 457K, committed 512K, reserved 1048576K
}
Event: 1.399 GC heap before
{Heap before GC invocations=10 (full 0):
 garbage-first heap   total 473088K, used 190817K [0x0000000700000000, 0x0000000800000000)
  region size 1024K, 60 young (61440K), 4 survivors (4096K)
 Metaspace       used 1569K, capacity 4821K, committed 5120K, reserved 1056768K
  class space    used 148K, capacity 457K, committed 512K, reserved 1048576K
}
Event: 1.436 GC heap after
{Heap after GC invocations=11 (full 0):
 garbage-first heap   total 473088K, used 190464K [0x0000000700000000, 0x0000000800000000)
  region size 1024K, 8 young (8192K), 8 survivors (8192K)
 Metaspace       used 1569K, capacity 4821K, committed 5120K, reserved 1056768K
  class space    used 148K, capacity 457K, committed 512K, reserved 1048576K
}
Event: 1.626 GC heap before
{Heap before GC invocations=11 (full 0):
 garbage-first heap   total 473088K, used 267264K [0x0000000700000000, 0x0000000800000000)
  region size 1024K, 75 young (76800K), 8 survivors (8192K)
 Metaspace       used 1600K, capacity 4821K, committed 5120K, reserved 1056768K
  class space    used 152K, capacity 457K, committed 512K, reserved 1048576K
}
Event: 1.668 GC heap after
{Heap after GC invocations=12 (full 0):
 garbage-first heap   total 473088K, used 268288K [0x0000000700000000, 0x0000000800000000)
  region size 1024K, 10 young (10240K), 10 survivors (10240K)
 Metaspace       used 1600K, capacity 4821K, committed 5120K, reserved 1056768K
  class space    used 152K, capacity 457K, committed 512K, reserved 1048576K
}
Event: 1.718 GC heap before
{Heap before GC invocations=12 (full 0):
 garbage-first heap   total 473088K, used 291840K [0x0000000700000000, 0x0000000800000000)
  region size 1024K, 35 young (35840K), 10 survivors (10240K)
 Metaspace       used 1601K, capacity 4821K, committed 5120K, reserved 1056768K
  class space    used 152K, capacity 457K, committed 512K, reserved 1048576K
}
Event: 1.738 GC heap after
{Heap after GC invocations=13 (full 0):
 garbage-first heap   total 473088K, used 292864K [0x0000000700000000, 0x0000000800000000)
  region size 1024K, 8 young (8192K), 8 survivors (8192K)
 Metaspace       used 1601K, capacity 4821K, committed 5120K, reserved 1056768K
  class space    used 152K, capacity 457K, committed 512K, reserved 1048576K
}
Event: 2.218 GC heap before
{Heap before GC invocations=14 (full 0):
 garbage-first heap   total 473088K, used 289792K [0x0000000700000000, 0x0000000800000000)
  region size 1024K, 48 young (49152K), 8 survivors (8192K)
 Metaspace       used 1790K, capacity 4843K, committed 5120K, reserved 1056768K
  class space    used 174K, capacity 465K, committed 512K, reserved 1048576K
}

